{"C:\\Users\\canko\\Desktop\\WOA -App GitHub\\woa-app\\WOA\\auth-microservice\\src\\Models\\session.model.ts": {"path":"C:\\Users\\canko\\Desktop\\WOA -App GitHub\\woa-app\\WOA\\auth-microservice\\src\\Models\\session.model.ts","statementMap":{"0":{"start":{"line":1,"column":0},"end":{"line":1,"column":67}},"1":{"start":{"line":2,"column":0},"end":{"line":2,"column":36}},"2":{"start":{"line":5,"column":2},"end":{"line":6,"column":null}},"3":{"start":{"line":5,"column":21},"end":{"line":5,"column":25}},"4":{"start":{"line":8,"column":2},"end":{"line":9,"column":null}},"5":{"start":{"line":11,"column":2},"end":{"line":12,"column":null}},"6":{"start":{"line":4,"column":0},"end":{"line":4,"column":13}},"7":{"start":{"line":15,"column":21},"end":{"line":19,"column":2}},"8":{"start":{"line":21,"column":0},"end":{"line":21,"column":28}}},"fnMap":{"0":{"name":"(anonymous_2)","decl":{"start":{"line":5,"column":15},"end":{"line":5,"column":18}},"loc":{"start":{"line":5,"column":21},"end":{"line":5,"column":25}}}},"branchMap":{},"s":{"0":1,"1":1,"2":1,"3":1,"4":1,"5":1,"6":1,"7":1,"8":1},"f":{"0":1},"b":{}}
,"C:\\Users\\canko\\Desktop\\WOA -App GitHub\\woa-app\\WOA\\auth-microservice\\src\\Models\\user.model.ts": {"path":"C:\\Users\\canko\\Desktop\\WOA -App GitHub\\woa-app\\WOA\\auth-microservice\\src\\Models\\user.model.ts","statementMap":{"0":{"start":{"line":1,"column":0},"end":{"line":1,"column":null}},"1":{"start":{"line":10,"column":0},"end":{"line":10,"column":32}},"2":{"start":{"line":11,"column":0},"end":{"line":11,"column":28}},"3":{"start":{"line":12,"column":0},"end":{"line":12,"column":34}},"4":{"start":{"line":14,"column":13},"end":{"line":20,"column":2}},"5":{"start":{"line":38,"column":7},"end":{"line":74,"column":null}},"6":{"start":{"line":67,"column":4},"end":{"line":72,"column":null}},"7":{"start":{"line":68,"column":6},"end":{"line":68,"column":67}},"8":{"start":{"line":70,"column":6},"end":{"line":70,"column":50}},"9":{"start":{"line":71,"column":6},"end":{"line":71,"column":19}},"10":{"start":{"line":39,"column":2},"end":{"line":40,"column":null}},"11":{"start":{"line":42,"column":2},"end":{"line":43,"column":null}},"12":{"start":{"line":45,"column":2},"end":{"line":46,"column":null}},"13":{"start":{"line":48,"column":2},"end":{"line":49,"column":null}},"14":{"start":{"line":51,"column":2},"end":{"line":52,"column":null}},"15":{"start":{"line":51,"column":41},"end":{"line":51,"column":49}},"16":{"start":{"line":54,"column":2},"end":{"line":55,"column":null}},"17":{"start":{"line":54,"column":41},"end":{"line":54,"column":49}},"18":{"start":{"line":57,"column":2},"end":{"line":58,"column":null}},"19":{"start":{"line":60,"column":2},"end":{"line":61,"column":null}},"20":{"start":{"line":63,"column":2},"end":{"line":64,"column":null}},"21":{"start":{"line":38,"column":13},"end":{"line":74,"column":null}},"22":{"start":{"line":23,"column":2},"end":{"line":25,"column":null}},"23":{"start":{"line":24,"column":4},"end":{"line":24,"column":11}},"24":{"start":{"line":27,"column":15},"end":{"line":27,"column":47}},"25":{"start":{"line":28,"column":2},"end":{"line":28,"column":23}},"26":{"start":{"line":29,"column":2},"end":{"line":29,"column":9}},"27":{"start":{"line":38,"column":13},"end":{"line":38,"column":17}},"28":{"start":{"line":76,"column":18},"end":{"line":76,"column":40}},"29":{"start":{"line":78,"column":0},"end":{"line":78,"column":25}}},"fnMap":{"0":{"name":"(anonymous_10)","decl":{"start":{"line":66,"column":8},"end":{"line":66,"column":24}},"loc":{"start":{"line":66,"column":76},"end":{"line":73,"column":null}}},"1":{"name":"(anonymous_12)","decl":{"start":{"line":51,"column":35},"end":{"line":51,"column":38}},"loc":{"start":{"line":51,"column":41},"end":{"line":51,"column":49}}},"2":{"name":"(anonymous_13)","decl":{"start":{"line":54,"column":35},"end":{"line":54,"column":38}},"loc":{"start":{"line":54,"column":41},"end":{"line":54,"column":49}}},"3":{"name":"(anonymous_14)","decl":{"start":{"line":22,"column":19},"end":{"line":22,"column":null}},"loc":{"start":{"line":22,"column":19},"end":{"line":30,"column":2}}}},"branchMap":{"0":{"loc":{"start":{"line":23,"column":2},"end":{"line":25,"column":null}},"type":"if","locations":[{"start":{"line":23,"column":2},"end":{"line":25,"column":null}}]}},"s":{"0":4,"1":4,"2":4,"3":4,"4":4,"5":4,"6":0,"7":0,"8":0,"9":0,"10":4,"11":4,"12":4,"13":4,"14":4,"15":0,"16":4,"17":0,"18":4,"19":4,"20":4,"21":4,"22":0,"23":0,"24":0,"25":0,"26":0,"27":4,"28":4,"29":4},"f":{"0":0,"1":0,"2":0,"3":0},"b":{"0":[0]}}
,"C:\\Users\\canko\\Desktop\\WOA -App GitHub\\woa-app\\WOA\\auth-microservice\\src\\Services\\auth.service.ts": {"path":"C:\\Users\\canko\\Desktop\\WOA -App GitHub\\woa-app\\WOA\\auth-microservice\\src\\Services\\auth.service.ts","statementMap":{"0":{"start":{"line":2,"column":0},"end":{"line":2,"column":30}},"1":{"start":{"line":3,"column":0},"end":{"line":3,"column":64}},"2":{"start":{"line":4,"column":0},"end":{"line":4,"column":59}},"3":{"start":{"line":5,"column":0},"end":{"line":5,"column":50}},"4":{"start":{"line":6,"column":0},"end":{"line":6,"column":46}},"5":{"start":{"line":10,"column":2},"end":{"line":10,"column":69}},"6":{"start":{"line":9,"column":0},"end":{"line":9,"column":22}},"7":{"start":{"line":14,"column":2},"end":{"line":14,"column":35}},"8":{"start":{"line":13,"column":0},"end":{"line":13,"column":22}},"9":{"start":{"line":18,"column":2},"end":{"line":18,"column":44}},"10":{"start":{"line":17,"column":0},"end":{"line":17,"column":22}},"11":{"start":{"line":22,"column":2},"end":{"line":22,"column":47}},"12":{"start":{"line":21,"column":0},"end":{"line":21,"column":22}},"13":{"start":{"line":26,"column":23},"end":{"line":33,"column":null}},"14":{"start":{"line":36,"column":2},"end":{"line":36,"column":22}},"15":{"start":{"line":25,"column":0},"end":{"line":25,"column":22}},"16":{"start":{"line":43,"column":2},"end":{"line":43,"column":47}},"17":{"start":{"line":39,"column":0},"end":{"line":39,"column":22}},"18":{"start":{"line":47,"column":22},"end":{"line":47,"column":56}},"19":{"start":{"line":49,"column":15},"end":{"line":49,"column":45}},"20":{"start":{"line":51,"column":22},"end":{"line":53,"column":4}},"21":{"start":{"line":55,"column":2},"end":{"line":55,"column":21}},"22":{"start":{"line":46,"column":0},"end":{"line":46,"column":16}},"23":{"start":{"line":59,"column":18},"end":{"line":61,"column":null}},"24":{"start":{"line":64,"column":2},"end":{"line":66,"column":null}},"25":{"start":{"line":65,"column":4},"end":{"line":65,"column":11}},"26":{"start":{"line":68,"column":18},"end":{"line":68,"column":56}},"27":{"start":{"line":70,"column":2},"end":{"line":72,"column":null}},"28":{"start":{"line":71,"column":4},"end":{"line":71,"column":11}},"29":{"start":{"line":74,"column":15},"end":{"line":74,"column":55}},"30":{"start":{"line":76,"column":2},"end":{"line":78,"column":null}},"31":{"start":{"line":77,"column":4},"end":{"line":77,"column":11}},"32":{"start":{"line":80,"column":22},"end":{"line":80,"column":56}},"33":{"start":{"line":82,"column":2},"end":{"line":82,"column":21}},"34":{"start":{"line":58,"column":0},"end":{"line":58,"column":22}},"35":{"start":{"line":86,"column":2},"end":{"line":102,"column":null}},"36":{"start":{"line":87,"column":20},"end":{"line":89,"column":null}},"37":{"start":{"line":92,"column":4},"end":{"line":94,"column":null}},"38":{"start":{"line":93,"column":6},"end":{"line":93,"column":13}},"39":{"start":{"line":96,"column":4},"end":{"line":96,"column":68}},"40":{"start":{"line":98,"column":4},"end":{"line":98,"column":16}},"41":{"start":{"line":100,"column":4},"end":{"line":100,"column":33}},"42":{"start":{"line":101,"column":4},"end":{"line":101,"column":16}},"43":{"start":{"line":85,"column":0},"end":{"line":85,"column":22}}},"fnMap":{"0":{"name":"createSession","decl":{"start":{"line":9,"column":22},"end":{"line":9,"column":35}},"loc":{"start":{"line":9,"column":69},"end":{"line":11,"column":null}}},"1":{"name":"findSessionById","decl":{"start":{"line":13,"column":22},"end":{"line":13,"column":37}},"loc":{"start":{"line":13,"column":48},"end":{"line":15,"column":null}}},"2":{"name":"getValidSessions","decl":{"start":{"line":17,"column":22},"end":{"line":17,"column":38}},"loc":{"start":{"line":17,"column":38},"end":{"line":19,"column":null}}},"3":{"name":"findUserSessions","decl":{"start":{"line":21,"column":22},"end":{"line":21,"column":38}},"loc":{"start":{"line":21,"column":60},"end":{"line":23,"column":null}}},"4":{"name":"signRefreshToken","decl":{"start":{"line":25,"column":22},"end":{"line":25,"column":38}},"loc":{"start":{"line":25,"column":56},"end":{"line":37,"column":null}}},"5":{"name":"updateSession","decl":{"start":{"line":39,"column":22},"end":{"line":39,"column":35}},"loc":{"start":{"line":41,"column":30},"end":{"line":44,"column":null}}},"6":{"name":"signAccessToken","decl":{"start":{"line":46,"column":16},"end":{"line":46,"column":31}},"loc":{"start":{"line":46,"column":73},"end":{"line":56,"column":1}}},"7":{"name":"reIssueAccessToken","decl":{"start":{"line":58,"column":22},"end":{"line":58,"column":40}},"loc":{"start":{"line":58,"column":61},"end":{"line":83,"column":null}}},"8":{"name":"handleTimedOutSession","decl":{"start":{"line":85,"column":22},"end":{"line":85,"column":43}},"loc":{"start":{"line":85,"column":64},"end":{"line":103,"column":null}}}},"branchMap":{"0":{"loc":{"start":{"line":64,"column":2},"end":{"line":66,"column":null}},"type":"if","locations":[{"start":{"line":64,"column":2},"end":{"line":66,"column":null}}]},"1":{"loc":{"start":{"line":70,"column":2},"end":{"line":72,"column":null}},"type":"if","locations":[{"start":{"line":70,"column":2},"end":{"line":72,"column":null}}]},"2":{"loc":{"start":{"line":70,"column":6},"end":{"line":70,"column":32}},"type":"binary-expr","locations":[{"start":{"line":70,"column":6},"end":{"line":70,"column":14}},{"start":{"line":70,"column":18},"end":{"line":70,"column":32}}]},"3":{"loc":{"start":{"line":76,"column":2},"end":{"line":78,"column":null}},"type":"if","locations":[{"start":{"line":76,"column":2},"end":{"line":78,"column":null}}]},"4":{"loc":{"start":{"line":92,"column":4},"end":{"line":94,"column":null}},"type":"if","locations":[{"start":{"line":92,"column":4},"end":{"line":94,"column":null}}]}},"s":{"0":1,"1":1,"2":1,"3":1,"4":1,"5":1,"6":1,"7":1,"8":1,"9":1,"10":1,"11":1,"12":1,"13":0,"14":0,"15":1,"16":0,"17":1,"18":0,"19":0,"20":0,"21":0,"22":1,"23":0,"24":0,"25":0,"26":0,"27":0,"28":0,"29":0,"30":0,"31":0,"32":0,"33":0,"34":1,"35":0,"36":0,"37":0,"38":0,"39":0,"40":0,"41":0,"42":0,"43":1},"f":{"0":1,"1":1,"2":1,"3":1,"4":0,"5":0,"6":0,"7":0,"8":0},"b":{"0":[0],"1":[0],"2":[0,0],"3":[0],"4":[0]}}
,"C:\\Users\\canko\\Desktop\\WOA -App GitHub\\woa-app\\WOA\\auth-microservice\\src\\Services\\user.service.ts": {"path":"C:\\Users\\canko\\Desktop\\WOA -App GitHub\\woa-app\\WOA\\auth-microservice\\src\\Services\\user.service.ts","statementMap":{"0":{"start":{"line":1,"column":0},"end":{"line":1,"column":55}},"1":{"start":{"line":2,"column":0},"end":{"line":2,"column":28}},"2":{"start":{"line":3,"column":0},"end":{"line":3,"column":26}},"3":{"start":{"line":4,"column":0},"end":{"line":4,"column":34}},"4":{"start":{"line":5,"column":0},"end":{"line":5,"column":20}},"5":{"start":{"line":9,"column":2},"end":{"line":9,"column":33}},"6":{"start":{"line":8,"column":0},"end":{"line":8,"column":16}},"7":{"start":{"line":13,"column":14},"end":{"line":13,"column":16}},"8":{"start":{"line":14,"column":2},"end":{"line":14,"column":33}},"9":{"start":{"line":12,"column":0},"end":{"line":12,"column":22}},"10":{"start":{"line":22,"column":2},"end":{"line":22,"column":60}},"11":{"start":{"line":17,"column":0},"end":{"line":17,"column":22}},"12":{"start":{"line":26,"column":2},"end":{"line":26,"column":38}},"13":{"start":{"line":25,"column":0},"end":{"line":25,"column":22}},"14":{"start":{"line":30,"column":2},"end":{"line":30,"column":28}},"15":{"start":{"line":29,"column":0},"end":{"line":29,"column":22}},"16":{"start":{"line":46,"column":14},"end":{"line":46,"column":51}},"17":{"start":{"line":48,"column":17},"end":{"line":54,"column":4}},"18":{"start":{"line":56,"column":2},"end":{"line":70,"column":null}},"19":{"start":{"line":57,"column":16},"end":{"line":64,"column":null}},"20":{"start":{"line":66,"column":4},"end":{"line":66,"column":20}},"21":{"start":{"line":68,"column":4},"end":{"line":68,"column":60}},"22":{"start":{"line":69,"column":4},"end":{"line":69,"column":35}},"23":{"start":{"line":41,"column":0},"end":{"line":41,"column":22}},"24":{"start":{"line":91,"column":2},"end":{"line":104,"column":null}},"25":{"start":{"line":92,"column":16},"end":{"line":98,"column":null}},"26":{"start":{"line":100,"column":4},"end":{"line":100,"column":20}},"27":{"start":{"line":102,"column":4},"end":{"line":102,"column":51}},"28":{"start":{"line":103,"column":4},"end":{"line":103,"column":35}},"29":{"start":{"line":84,"column":0},"end":{"line":84,"column":22}}},"fnMap":{"0":{"name":"createUser","decl":{"start":{"line":8,"column":16},"end":{"line":8,"column":26}},"loc":{"start":{"line":8,"column":47},"end":{"line":10,"column":1}}},"1":{"name":"findUserById","decl":{"start":{"line":12,"column":22},"end":{"line":12,"column":34}},"loc":{"start":{"line":12,"column":45},"end":{"line":15,"column":null}}},"2":{"name":"findAndUpdateUser","decl":{"start":{"line":17,"column":22},"end":{"line":17,"column":39}},"loc":{"start":{"line":20,"column":28},"end":{"line":23,"column":null}}},"3":{"name":"findUserByEmail","decl":{"start":{"line":25,"column":22},"end":{"line":25,"column":37}},"loc":{"start":{"line":25,"column":51},"end":{"line":27,"column":null}}},"4":{"name":"findAllUsers","decl":{"start":{"line":29,"column":22},"end":{"line":29,"column":34}},"loc":{"start":{"line":29,"column":34},"end":{"line":31,"column":null}}},"5":{"name":"getGoogleOAuthTokens","decl":{"start":{"line":41,"column":22},"end":{"line":41,"column":42}},"loc":{"start":{"line":45,"column":1},"end":{"line":71,"column":null}}},"6":{"name":"getGoogleUser","decl":{"start":{"line":84,"column":22},"end":{"line":84,"column":35}},"loc":{"start":{"line":90,"column":1},"end":{"line":105,"column":null}}}},"branchMap":{"0":{"loc":{"start":{"line":20,"column":2},"end":{"line":20,"column":28}},"type":"default-arg","locations":[{"start":{"line":20,"column":26},"end":{"line":20,"column":28}}]}},"s":{"0":2,"1":2,"2":2,"3":2,"4":2,"5":1,"6":2,"7":1,"8":1,"9":2,"10":1,"11":2,"12":1,"13":2,"14":1,"15":2,"16":0,"17":0,"18":0,"19":0,"20":0,"21":0,"22":0,"23":2,"24":0,"25":0,"26":0,"27":0,"28":0,"29":2},"f":{"0":1,"1":1,"2":1,"3":1,"4":1,"5":0,"6":0},"b":{"0":[0]}}
,"C:\\Users\\canko\\Desktop\\WOA -App GitHub\\woa-app\\WOA\\auth-microservice\\src\\Utils\\jwt.ts": {"path":"C:\\Users\\canko\\Desktop\\WOA -App GitHub\\woa-app\\WOA\\auth-microservice\\src\\Utils\\jwt.ts","statementMap":{"0":{"start":{"line":1,"column":0},"end":{"line":1,"column":31}},"1":{"start":{"line":2,"column":0},"end":{"line":2,"column":28}},"2":{"start":{"line":9,"column":21},"end":{"line":12,"column":21}},"3":{"start":{"line":14,"column":2},"end":{"line":17,"column":5}},"4":{"start":{"line":4,"column":0},"end":{"line":4,"column":16}},"5":{"start":{"line":24,"column":20},"end":{"line":25,"column":null}},"6":{"start":{"line":28,"column":2},"end":{"line":33,"column":null}},"7":{"start":{"line":29,"column":20},"end":{"line":29,"column":53}},"8":{"start":{"line":30,"column":4},"end":{"line":30,"column":19}},"9":{"start":{"line":32,"column":4},"end":{"line":32,"column":16}},"10":{"start":{"line":20,"column":0},"end":{"line":20,"column":16}}},"fnMap":{"0":{"name":"signJwt","decl":{"start":{"line":4,"column":16},"end":{"line":4,"column":23}},"loc":{"start":{"line":7,"column":39},"end":{"line":18,"column":1}}},"1":{"name":"verifyJwt","decl":{"start":{"line":20,"column":16},"end":{"line":20,"column":25}},"loc":{"start":{"line":22,"column":59},"end":{"line":34,"column":1}}}},"branchMap":{"0":{"loc":{"start":{"line":15,"column":8},"end":{"line":15,"column":26}},"type":"binary-expr","locations":[{"start":{"line":15,"column":8},"end":{"line":15,"column":15}},{"start":{"line":15,"column":19},"end":{"line":15,"column":26}}]}},"s":{"0":1,"1":1,"2":0,"3":0,"4":1,"5":0,"6":0,"7":0,"8":0,"9":0,"10":1},"f":{"0":0,"1":0},"b":{"0":[0,0]}}
,"C:\\Users\\canko\\Desktop\\WOA -App GitHub\\woa-app\\WOA\\auth-microservice\\src\\Utils\\logger.ts": {"path":"C:\\Users\\canko\\Desktop\\WOA -App GitHub\\woa-app\\WOA\\auth-microservice\\src\\Utils\\logger.ts","statementMap":{"0":{"start":{"line":1,"column":0},"end":{"line":1,"column":26}},"1":{"start":{"line":2,"column":0},"end":{"line":2,"column":26}},"2":{"start":{"line":4,"column":12},"end":{"line":13,"column":2}},"3":{"start":{"line":12,"column":19},"end":{"line":12,"column":50}},"4":{"start":{"line":15,"column":0},"end":{"line":15,"column":19}}},"fnMap":{"0":{"name":"(anonymous_1)","decl":{"start":{"line":12,"column":13},"end":{"line":12,"column":16}},"loc":{"start":{"line":12,"column":19},"end":{"line":12,"column":50}}}},"branchMap":{},"s":{"0":4,"1":4,"2":4,"3":4,"4":4},"f":{"0":4},"b":{}}
}
