TN:
SF:src\Models\session.model.ts
FN:5,(anonymous_2)
FNF:1
FNH:1
FNDA:1,(anonymous_2)
DA:1,1
DA:2,1
DA:4,1
DA:5,1
DA:8,1
DA:11,1
DA:15,1
DA:21,1
LF:8
LH:8
BRF:0
BRH:0
end_of_record
TN:
SF:src\Models\user.model.ts
FN:66,(anonymous_10)
FN:51,(anonymous_12)
FN:54,(anonymous_13)
FN:22,(anonymous_14)
FNF:4
FNH:0
FNDA:0,(anonymous_10)
FNDA:0,(anonymous_12)
FNDA:0,(anonymous_13)
FNDA:0,(anonymous_14)
DA:1,4
DA:10,4
DA:11,4
DA:12,4
DA:14,4
DA:23,0
DA:24,0
DA:27,0
DA:28,0
DA:29,0
DA:38,4
DA:39,4
DA:42,4
DA:45,4
DA:48,4
DA:51,4
DA:54,4
DA:57,4
DA:60,4
DA:63,4
DA:67,0
DA:68,0
DA:70,0
DA:71,0
DA:76,4
DA:78,4
LF:26
LH:17
BRDA:23,0,0,0
BRF:1
BRH:0
end_of_record
TN:
SF:src\Services\auth.service.ts
FN:9,createSession
FN:13,findSessionById
FN:17,getValidSessions
FN:21,findUserSessions
FN:25,signRefreshToken
FN:39,updateSession
FN:46,signAccessToken
FN:58,reIssueAccessToken
FN:85,handleTimedOutSession
FNF:9
FNH:4
FNDA:1,createSession
FNDA:1,findSessionById
FNDA:1,getValidSessions
FNDA:1,findUserSessions
FNDA:0,signRefreshToken
FNDA:0,updateSession
FNDA:0,signAccessToken
FNDA:0,reIssueAccessToken
FNDA:0,handleTimedOutSession
DA:2,1
DA:3,1
DA:4,1
DA:5,1
DA:6,1
DA:9,1
DA:10,1
DA:13,1
DA:14,1
DA:17,1
DA:18,1
DA:21,1
DA:22,1
DA:25,1
DA:26,0
DA:36,0
DA:39,1
DA:43,0
DA:46,1
DA:47,0
DA:49,0
DA:51,0
DA:55,0
DA:58,1
DA:59,0
DA:64,0
DA:65,0
DA:68,0
DA:70,0
DA:71,0
DA:74,0
DA:76,0
DA:77,0
DA:80,0
DA:82,0
DA:85,1
DA:86,0
DA:87,0
DA:92,0
DA:93,0
DA:96,0
DA:98,0
DA:100,0
DA:101,0
LF:44
LH:18
BRDA:64,0,0,0
BRDA:70,1,0,0
BRDA:70,2,0,0
BRDA:70,2,1,0
BRDA:76,3,0,0
BRDA:92,4,0,0
BRF:6
BRH:0
end_of_record
TN:
SF:src\Services\user.service.ts
FN:8,createUser
FN:12,findUserById
FN:17,findAndUpdateUser
FN:25,findUserByEmail
FN:29,findAllUsers
FN:41,getGoogleOAuthTokens
FN:84,getGoogleUser
FNF:7
FNH:5
FNDA:1,createUser
FNDA:1,findUserById
FNDA:1,findAndUpdateUser
FNDA:1,findUserByEmail
FNDA:1,findAllUsers
FNDA:0,getGoogleOAuthTokens
FNDA:0,getGoogleUser
DA:1,2
DA:2,2
DA:3,2
DA:4,2
DA:5,2
DA:8,2
DA:9,1
DA:12,2
DA:13,1
DA:14,1
DA:17,2
DA:22,1
DA:25,2
DA:26,1
DA:29,2
DA:30,1
DA:41,2
DA:46,0
DA:48,0
DA:56,0
DA:57,0
DA:66,0
DA:68,0
DA:69,0
DA:84,2
DA:91,0
DA:92,0
DA:100,0
DA:102,0
DA:103,0
LF:30
LH:18
BRDA:20,0,0,0
BRF:1
BRH:0
end_of_record
TN:
SF:src\Utils\jwt.ts
FN:4,signJwt
FN:20,verifyJwt
FNF:2
FNH:0
FNDA:0,signJwt
FNDA:0,verifyJwt
DA:1,1
DA:2,1
DA:4,1
DA:9,0
DA:14,0
DA:20,1
DA:24,0
DA:28,0
DA:29,0
DA:30,0
DA:32,0
LF:11
LH:4
BRDA:15,0,0,0
BRDA:15,0,1,0
BRF:2
BRH:0
end_of_record
TN:
SF:src\Utils\logger.ts
FN:12,(anonymous_1)
FNF:1
FNH:1
FNDA:4,(anonymous_1)
DA:1,4
DA:2,4
DA:4,4
DA:12,4
DA:15,4
LF:5
LH:5
BRF:0
BRH:0
end_of_record
